Workflow initiated on 07/08/19 at 18:41

Setting the Environment for the GFS Workflow
determined the timestamp to download: 2019070812
Creating THREDDS file structure
All done setting up folders, on to do work

Beginning to process on 07/08/19 at 18:41

Starting GFS grib Downloads
downloading 2019070818.grb (step 006 of 084)
  Download took 15.151113986968994
downloading 2019070900.grb (step 012 of 084)
  Download took 13.440011024475098
downloading 2019070906.grb (step 018 of 084)
  Download took 12.325026750564575
downloading 2019070912.grb (step 024 of 084)
  Download took 15.166279077529907
downloading 2019070918.grb (step 030 of 084)
  Download took 12.937276840209961
downloading 2019071000.grb (step 036 of 084)
  Download took 11.067747116088867
downloading 2019071006.grb (step 042 of 084)
  Download took 14.291483879089355
downloading 2019071012.grb (step 048 of 084)
  Download took 10.816518783569336
downloading 2019071018.grb (step 054 of 084)
  Download took 13.99080204963684
downloading 2019071100.grb (step 060 of 084)
  Download took 15.597898006439209
downloading 2019071106.grb (step 066 of 084)
  Download took 15.244718074798584
downloading 2019071112.grb (step 072 of 084)
  Download took 13.271345138549805
downloading 2019071118.grb (step 078 of 084)
  Download took 12.377044916152954
downloading 2019071200.grb (step 084 of 084)
  Download took 16.973573207855225
Finished Downloads

Setting new WMS bounds
Wrote boundaries to /Users/rileyhales/tethys/src/tethys_apps/tethysapp/earthobserver/public/js/bounds.js

Starting Grib Conversions
working on level atmosphere
working on level depthBelowLandLayer
working on level heightAboveGround
working on level heightAboveGroundLayer
working on level heightAboveSea
working on level hybrid
working on level isothermZero
working on level isobaricInPa
working on level isobaricInhPa
working on level maxWind
working on level meanSea
working on level nominalTop
working on level potentialVorticity
working on level pressureFromGroundLayer
working on level sigma
working on level sigmaLayer
working on level surface
working on level tropopause
working on level unknown
Conversion Completed

Writing a new ncml file for this date
wrote ncml for atmosphere
wrote ncml for depthBelowLandLayer
wrote ncml for heightAboveGround
wrote ncml for heightAboveGroundLayer
wrote ncml for heightAboveSea
wrote ncml for hybrid
wrote ncml for isothermZero
wrote ncml for isobaricInPa
wrote ncml for isobaricInhPa
wrote ncml for maxWind
wrote ncml for meanSea
wrote ncml for nominalTop
wrote ncml for potentialVorticity
wrote ncml for pressureFromGroundLayer
wrote ncml for sigma
wrote ncml for sigmaLayer
wrote ncml for surface
wrote ncml for tropopause
wrote ncml for unknown
Getting rid of old data folders
Done

All finished- writing the timestamp used on this run to a txt file


GFS Workflow completed successfully on 07/08/19 at 18:53
